<?xml version="1.0" encoding="UTF-8"?>
<!-- Generated by org.testng.reporters.JUnitReportReporter -->
<testsuite hostname="TVMATP647L.local" name="exercise.Exercise" tests="1" failures="0" timestamp="6 Aug 2015 17:44:54 GMT" time="45.376" errors="0">
  <testcase name="runTest" time="45.376" classname="exercise.Exercise"/>
</testsuite> <!-- exercise.Exercise -->
