<?xml version="1.0" encoding="UTF-8"?>
<!-- Generated by org.testng.reporters.JUnitReportReporter -->
<testsuite hostname="TVMATP647L.local" name="exercise.Exercise" tests="1" failures="0" timestamp="6 Aug 2015 09:03:44 GMT" time="0.032" errors="0">
  <testcase name="runTest" time="0.032" classname="exercise.Exercise"/>
</testsuite> <!-- exercise.Exercise -->
